<?xml version="1.0" encoding="UTF-8"?>
<testng-results ignored="0" total="6" passed="5" failed="1" skipped="0">
  <reporter-output>
  </reporter-output>
  <suite started-at="2025-04-11T09:54:46 IST" name="Suite" finished-at="2025-04-11T09:56:38 IST" duration-ms="111916">
    <groups>
    </groups>
    <test started-at="2025-04-11T09:54:46 IST" name="Test" finished-at="2025-04-11T09:56:38 IST" duration-ms="111916">
      <class name="com.orange.hrm.application.tests.ApplicationTest">
        <test-method is-config="true" signature="setupReport()[pri:0, instance:com.orange.hrm.application.tests.ApplicationTest@5e0e82ae]" started-at="2025-04-11T09:54:46 IST" name="setupReport" finished-at="2025-04-11T09:54:46 IST" duration-ms="388" status="PASS">
          <reporter-output>
          </reporter-output>
        </test-method> <!-- setupReport -->
        <test-method is-config="true" signature="launchBrowser(java.lang.String)[pri:0, instance:com.orange.hrm.application.tests.ApplicationTest@5e0e82ae]" started-at="2025-04-11T09:54:47 IST" name="launchBrowser" finished-at="2025-04-11T09:54:53 IST" duration-ms="6294" status="PASS">
          <params>
            <param index="0">
              <value>
                <![CDATA[chrome]]>
              </value>
            </param>
          </params>
          <reporter-output>
          </reporter-output>
        </test-method> <!-- launchBrowser -->
        <test-method is-config="true" signature="inizializePageObjects()[pri:0, instance:com.orange.hrm.application.tests.ApplicationTest@5e0e82ae]" started-at="2025-04-11T09:54:53 IST" name="inizializePageObjects" finished-at="2025-04-11T09:54:53 IST" depends-on-methods="com.orange.hrm.framework.base.BasePage.launchBrowser" duration-ms="319" status="PASS">
          <reporter-output>
          </reporter-output>
        </test-method> <!-- inizializePageObjects -->
        <test-method signature="verifyCompanyBranding()[pri:0, instance:com.orange.hrm.application.tests.ApplicationTest@5e0e82ae]" started-at="2025-04-11T09:54:53 IST" name="verifyCompanyBranding" finished-at="2025-04-11T09:54:59 IST" duration-ms="6016" status="PASS">
          <reporter-output>
          </reporter-output>
        </test-method> <!-- verifyCompanyBranding -->
        <test-method is-config="true" signature="closeBrowser()[pri:0, instance:com.orange.hrm.application.tests.ApplicationTest@5e0e82ae]" started-at="2025-04-11T09:55:00 IST" name="closeBrowser" finished-at="2025-04-11T09:55:00 IST" duration-ms="436" status="PASS">
          <reporter-output>
          </reporter-output>
        </test-method> <!-- closeBrowser -->
        <test-method is-config="true" signature="launchBrowser(java.lang.String)[pri:0, instance:com.orange.hrm.application.tests.ApplicationTest@5e0e82ae]" started-at="2025-04-11T09:55:00 IST" name="launchBrowser" finished-at="2025-04-11T09:55:02 IST" duration-ms="2029" status="PASS">
          <params>
            <param index="0">
              <value>
                <![CDATA[chrome]]>
              </value>
            </param>
          </params>
          <reporter-output>
          </reporter-output>
        </test-method> <!-- launchBrowser -->
        <test-method is-config="true" signature="inizializePageObjects()[pri:0, instance:com.orange.hrm.application.tests.ApplicationTest@5e0e82ae]" started-at="2025-04-11T09:55:02 IST" name="inizializePageObjects" finished-at="2025-04-11T09:55:02 IST" depends-on-methods="com.orange.hrm.framework.base.BasePage.launchBrowser" duration-ms="4" status="PASS">
          <reporter-output>
          </reporter-output>
        </test-method> <!-- inizializePageObjects -->
        <test-method signature="verifyCompanyLogo()[pri:1, instance:com.orange.hrm.application.tests.ApplicationTest@5e0e82ae]" started-at="2025-04-11T09:55:02 IST" name="verifyCompanyLogo" finished-at="2025-04-11T09:55:07 IST" duration-ms="4572" status="PASS">
          <reporter-output>
          </reporter-output>
        </test-method> <!-- verifyCompanyLogo -->
        <test-method is-config="true" signature="closeBrowser()[pri:0, instance:com.orange.hrm.application.tests.ApplicationTest@5e0e82ae]" started-at="2025-04-11T09:55:07 IST" name="closeBrowser" finished-at="2025-04-11T09:55:07 IST" duration-ms="359" status="PASS">
          <reporter-output>
          </reporter-output>
        </test-method> <!-- closeBrowser -->
        <test-method is-config="true" signature="launchBrowser(java.lang.String)[pri:0, instance:com.orange.hrm.application.tests.ApplicationTest@5e0e82ae]" started-at="2025-04-11T09:55:07 IST" name="launchBrowser" finished-at="2025-04-11T09:55:09 IST" duration-ms="1948" status="PASS">
          <params>
            <param index="0">
              <value>
                <![CDATA[chrome]]>
              </value>
            </param>
          </params>
          <reporter-output>
          </reporter-output>
        </test-method> <!-- launchBrowser -->
        <test-method is-config="true" signature="inizializePageObjects()[pri:0, instance:com.orange.hrm.application.tests.ApplicationTest@5e0e82ae]" started-at="2025-04-11T09:55:09 IST" name="inizializePageObjects" finished-at="2025-04-11T09:55:09 IST" depends-on-methods="com.orange.hrm.framework.base.BasePage.launchBrowser" duration-ms="2" status="PASS">
          <reporter-output>
          </reporter-output>
        </test-method> <!-- inizializePageObjects -->
        <test-method signature="verifyLoginPageHeader()[pri:2, instance:com.orange.hrm.application.tests.ApplicationTest@5e0e82ae]" started-at="2025-04-11T09:55:09 IST" name="verifyLoginPageHeader" finished-at="2025-04-11T09:55:13 IST" duration-ms="3837" status="PASS">
          <reporter-output>
          </reporter-output>
        </test-method> <!-- verifyLoginPageHeader -->
        <test-method is-config="true" signature="closeBrowser()[pri:0, instance:com.orange.hrm.application.tests.ApplicationTest@5e0e82ae]" started-at="2025-04-11T09:55:13 IST" name="closeBrowser" finished-at="2025-04-11T09:55:14 IST" duration-ms="453" status="PASS">
          <reporter-output>
          </reporter-output>
        </test-method> <!-- closeBrowser -->
        <test-method is-config="true" signature="launchBrowser(java.lang.String)[pri:0, instance:com.orange.hrm.application.tests.ApplicationTest@5e0e82ae]" started-at="2025-04-11T09:55:14 IST" name="launchBrowser" finished-at="2025-04-11T09:55:16 IST" duration-ms="2121" status="PASS">
          <params>
            <param index="0">
              <value>
                <![CDATA[chrome]]>
              </value>
            </param>
          </params>
          <reporter-output>
          </reporter-output>
        </test-method> <!-- launchBrowser -->
        <test-method is-config="true" signature="inizializePageObjects()[pri:0, instance:com.orange.hrm.application.tests.ApplicationTest@5e0e82ae]" started-at="2025-04-11T09:55:16 IST" name="inizializePageObjects" finished-at="2025-04-11T09:55:16 IST" depends-on-methods="com.orange.hrm.framework.base.BasePage.launchBrowser" duration-ms="3" status="PASS">
          <reporter-output>
          </reporter-output>
        </test-method> <!-- inizializePageObjects -->
        <test-method signature="verifyUsernameAndPasswordIsDisplayed()[pri:3, instance:com.orange.hrm.application.tests.ApplicationTest@5e0e82ae]" started-at="2025-04-11T09:55:16 IST" name="verifyUsernameAndPasswordIsDisplayed" finished-at="2025-04-11T09:55:20 IST" duration-ms="3832" status="PASS">
          <reporter-output>
          </reporter-output>
        </test-method> <!-- verifyUsernameAndPasswordIsDisplayed -->
        <test-method is-config="true" signature="closeBrowser()[pri:0, instance:com.orange.hrm.application.tests.ApplicationTest@5e0e82ae]" started-at="2025-04-11T09:55:20 IST" name="closeBrowser" finished-at="2025-04-11T09:55:20 IST" duration-ms="330" status="PASS">
          <reporter-output>
          </reporter-output>
        </test-method> <!-- closeBrowser -->
        <test-method is-config="true" signature="launchBrowser(java.lang.String)[pri:0, instance:com.orange.hrm.application.tests.ApplicationTest@5e0e82ae]" started-at="2025-04-11T09:55:22 IST" name="launchBrowser" finished-at="2025-04-11T09:55:24 IST" duration-ms="2051" status="PASS">
          <params>
            <param index="0">
              <value>
                <![CDATA[chrome]]>
              </value>
            </param>
          </params>
          <reporter-output>
          </reporter-output>
        </test-method> <!-- launchBrowser -->
        <test-method is-config="true" signature="inizializePageObjects()[pri:0, instance:com.orange.hrm.application.tests.ApplicationTest@5e0e82ae]" started-at="2025-04-11T09:55:24 IST" name="inizializePageObjects" finished-at="2025-04-11T09:55:24 IST" depends-on-methods="com.orange.hrm.framework.base.BasePage.launchBrowser" duration-ms="4" status="PASS">
          <reporter-output>
          </reporter-output>
        </test-method> <!-- inizializePageObjects -->
        <test-method signature="verifyApplicationLogin(java.lang.String,java.lang.String)[pri:4, instance:com.orange.hrm.application.tests.ApplicationTest@5e0e82ae]" started-at="2025-04-11T09:55:24 IST" name="verifyApplicationLogin" data-provider="data" finished-at="2025-04-11T09:55:30 IST" duration-ms="6199" status="PASS">
          <params>
            <param index="0">
              <value>
                <![CDATA[Admin]]>
              </value>
            </param>
            <param index="1">
              <value>
                <![CDATA[admin123]]>
              </value>
            </param>
          </params>
          <reporter-output>
          </reporter-output>
        </test-method> <!-- verifyApplicationLogin -->
        <test-method is-config="true" signature="closeBrowser()[pri:0, instance:com.orange.hrm.application.tests.ApplicationTest@5e0e82ae]" started-at="2025-04-11T09:55:30 IST" name="closeBrowser" finished-at="2025-04-11T09:55:30 IST" duration-ms="337" status="PASS">
          <reporter-output>
          </reporter-output>
        </test-method> <!-- closeBrowser -->
        <test-method is-config="true" signature="launchBrowser(java.lang.String)[pri:0, instance:com.orange.hrm.application.tests.ApplicationTest@5e0e82ae]" started-at="2025-04-11T09:55:30 IST" name="launchBrowser" finished-at="2025-04-11T09:55:33 IST" duration-ms="2089" status="PASS">
          <params>
            <param index="0">
              <value>
                <![CDATA[chrome]]>
              </value>
            </param>
          </params>
          <reporter-output>
          </reporter-output>
        </test-method> <!-- launchBrowser -->
        <test-method is-config="true" signature="inizializePageObjects()[pri:0, instance:com.orange.hrm.application.tests.ApplicationTest@5e0e82ae]" started-at="2025-04-11T09:55:33 IST" name="inizializePageObjects" finished-at="2025-04-11T09:55:33 IST" depends-on-methods="com.orange.hrm.framework.base.BasePage.launchBrowser" duration-ms="5" status="PASS">
          <reporter-output>
          </reporter-output>
        </test-method> <!-- inizializePageObjects -->
        <test-method signature="verifyApplicationLogin(java.lang.String,java.lang.String)[pri:4, instance:com.orange.hrm.application.tests.ApplicationTest@5e0e82ae]" started-at="2025-04-11T09:55:33 IST" name="verifyApplicationLogin" data-provider="data" finished-at="2025-04-11T09:56:38 IST" duration-ms="65013" status="FAIL">
          <params>
            <param index="0">
              <value>
                <![CDATA[7vvftftftff]]>
              </value>
            </param>
            <param index="1">
              <value>
                <![CDATA[ghyttb67r67]]>
              </value>
            </param>
          </params>
          <exception class="org.openqa.selenium.TimeoutException">
            <message>
              <![CDATA[Expected condition failed: waiting for visibility of Proxy element for: DefaultElementLocator 'By.xpath: //h6[text()='Dashboard']' (tried for 30 second(s) with 500 milliseconds interval)]]>
            </message>
            <full-stacktrace>
              <![CDATA[org.openqa.selenium.TimeoutException: Expected condition failed: waiting for visibility of Proxy element for: DefaultElementLocator 'By.xpath: //h6[text()='Dashboard']' (tried for 30 second(s) with 500 milliseconds interval)
at org.openqa.selenium.support.ui.WebDriverWait.timeoutException(WebDriverWait.java:84)
at org.openqa.selenium.support.ui.FluentWait.until(FluentWait.java:228)
at com.orange.hrm.framework.web.commons.WebCommons.waitForElement(WebCommons.java:121)
at com.orange.hrm.application.steps.DashboardPageSteps.verifyLoginIsSuccessful(DashboardPageSteps.java:16)
at com.orange.hrm.application.tests.ApplicationTest.verifyApplicationLogin(ApplicationTest.java:36)
at java.base/jdk.internal.reflect.DirectMethodHandleAccessor.invoke(DirectMethodHandleAccessor.java:103)
at java.base/java.lang.reflect.Method.invoke(Method.java:580)
at org.testng.internal.MethodInvocationHelper.invokeMethod(MethodInvocationHelper.java:133)
at org.testng.internal.TestInvoker.invokeMethod(TestInvoker.java:598)
at org.testng.internal.TestInvoker.invokeTestMethod(TestInvoker.java:173)
at org.testng.internal.MethodRunner.runInSequence(MethodRunner.java:46)
at org.testng.internal.TestInvoker$MethodInvocationAgent.invoke(TestInvoker.java:824)
at org.testng.internal.TestInvoker.invokeTestMethods(TestInvoker.java:146)
at org.testng.internal.TestMethodWorker.invokeTestMethods(TestMethodWorker.java:146)
at org.testng.internal.TestMethodWorker.run(TestMethodWorker.java:128)
at java.base/java.util.ArrayList.forEach(ArrayList.java:1597)
at org.testng.TestRunner.privateRun(TestRunner.java:794)
at org.testng.TestRunner.run(TestRunner.java:596)
at org.testng.SuiteRunner.runTest(SuiteRunner.java:377)
at org.testng.SuiteRunner.runSequentially(SuiteRunner.java:371)
at org.testng.SuiteRunner.privateRun(SuiteRunner.java:332)
at org.testng.SuiteRunner.run(SuiteRunner.java:276)
at org.testng.SuiteRunnerWorker.runSuite(SuiteRunnerWorker.java:53)
at org.testng.SuiteRunnerWorker.run(SuiteRunnerWorker.java:96)
at org.testng.TestNG.runSuitesSequentially(TestNG.java:1212)
at org.testng.TestNG.runSuitesLocally(TestNG.java:1134)
at org.testng.TestNG.runSuites(TestNG.java:1063)
at org.testng.TestNG.run(TestNG.java:1031)
at org.testng.remote.AbstractRemoteTestNG.run(AbstractRemoteTestNG.java:115)
at org.testng.remote.RemoteTestNG.initAndRun(RemoteTestNG.java:293)
at org.testng.remote.RemoteTestNG.main(RemoteTestNG.java:91)
Caused by: org.openqa.selenium.NoSuchElementException: no such element: Unable to locate element: {"method":"xpath","selector":"//h6[text()='Dashboard']"}
  (Session info: chrome=134.0.6998.36)
For documentation on this error, please visit: https://www.selenium.dev/documentation/webdriver/troubleshooting/errors#no-such-element-exception
Build info: version: '4.29.0', revision: '5fc1ec94cb'
System info: os.name: 'Windows 11', os.arch: 'amd64', os.version: '10.0', java.version: '23.0.1'
Driver info: org.openqa.selenium.chrome.ChromeDriver
Command: [5b047aa3fcde1eeef11af9a6123d534a, findElement {value=//h6[text()='Dashboard'], using=xpath}]
Capabilities {acceptInsecureCerts: false, browserName: chrome, browserVersion: 134.0.6998.36, chrome: {chromedriverVersion: 134.0.6998.165 (fd886e2cb29..., userDataDir: C:\Users\91949\AppData\Loca...}, fedcm:accounts: true, goog:chromeOptions: {debuggerAddress: localhost:51766}, networkConnectionEnabled: false, pageLoadStrategy: normal, platformName: windows, proxy: Proxy(), se:cdp: ws://localhost:51766/devtoo..., se:cdpVersion: 134.0.6998.36, setWindowRect: true, strictFileInteractability: false, timeouts: {implicit: 0, pageLoad: 300000, script: 30000}, unhandledPromptBehavior: dismiss and notify, webauthn:extension:credBlob: true, webauthn:extension:largeBlob: true, webauthn:extension:minPinLength: true, webauthn:extension:prf: true, webauthn:virtualAuthenticators: true}
Session ID: 5b047aa3fcde1eeef11af9a6123d534a
at java.base/jdk.internal.reflect.DirectConstructorHandleAccessor.newInstance(DirectConstructorHandleAccessor.java:62)
at java.base/java.lang.reflect.Constructor.newInstanceWithCaller(Constructor.java:501)
at java.base/java.lang.reflect.Constructor.newInstance(Constructor.java:485)
at org.openqa.selenium.remote.ErrorCodec.decode(ErrorCodec.java:167)
at org.openqa.selenium.remote.codec.w3c.W3CHttpResponseCodec.decode(W3CHttpResponseCodec.java:138)
at org.openqa.selenium.remote.codec.w3c.W3CHttpResponseCodec.decode(W3CHttpResponseCodec.java:50)
at org.openqa.selenium.remote.HttpCommandExecutor.execute(HttpCommandExecutor.java:215)
at org.openqa.selenium.remote.service.DriverCommandExecutor.invokeExecute(DriverCommandExecutor.java:216)
at org.openqa.selenium.remote.service.DriverCommandExecutor.execute(DriverCommandExecutor.java:174)
at org.openqa.selenium.remote.RemoteWebDriver.execute(RemoteWebDriver.java:545)
at org.openqa.selenium.remote.ElementLocation$ElementFinder$2.findElement(ElementLocation.java:165)
at org.openqa.selenium.remote.ElementLocation.findElement(ElementLocation.java:59)
at org.openqa.selenium.remote.RemoteWebDriver.findElement(RemoteWebDriver.java:368)
at org.openqa.selenium.remote.RemoteWebDriver.findElement(RemoteWebDriver.java:362)
at org.openqa.selenium.support.pagefactory.DefaultElementLocator.findElement(DefaultElementLocator.java:68)
at org.openqa.selenium.support.pagefactory.internal.LocatingElementHandler.invoke(LocatingElementHandler.java:38)
at jdk.proxy2/jdk.proxy2.$Proxy16.isDisplayed(Unknown Source)
at org.openqa.selenium.support.ui.ExpectedConditions.elementIfVisible(ExpectedConditions.java:304)
at org.openqa.selenium.support.ui.ExpectedConditions$10.apply(ExpectedConditions.java:290)
at org.openqa.selenium.support.ui.ExpectedConditions$10.apply(ExpectedConditions.java:287)
at org.openqa.selenium.support.ui.FluentWait.until(FluentWait.java:203)
... 29 more
]]>
            </full-stacktrace>
          </exception> <!-- org.openqa.selenium.TimeoutException -->
          <reporter-output>
          </reporter-output>
        </test-method> <!-- verifyApplicationLogin -->
        <test-method is-config="true" signature="closeBrowser()[pri:0, instance:com.orange.hrm.application.tests.ApplicationTest@5e0e82ae]" started-at="2025-04-11T09:56:38 IST" name="closeBrowser" finished-at="2025-04-11T09:56:38 IST" duration-ms="395" status="PASS">
          <reporter-output>
          </reporter-output>
        </test-method> <!-- closeBrowser -->
      </class> <!-- com.orange.hrm.application.tests.ApplicationTest -->
    </test> <!-- Test -->
  </suite> <!-- Suite -->
</testng-results>
